gradleBuild/outputs/logs/manifest-merger-release-report.txt
-- Merging decision tree log ---
manifest
ADDED from AS\android\AndroidManifest.xml:16:1-73:12
MERGED from [org.tensorflow:tensorflow-android:1.8.0] AndroidManifest.xml:2:1-8:12
MERGED from [com.roughike:bottom-bar:2.3.1] AndroidManifest.xml:2:1-12:12
MERGED from [com.android.support:design:25.3.0] AndroidManifest.xml:17:1-31:12
MERGED from [com.android.support:appcompat-v7:25.3.0] AndroidManifest.xml:17:1-31:12
MERGED from [com.android.support.constraint:constraint-layout:1.1.0] AndroidManifest.xml:2:1-11:12
MERGED from [com.android.support:animated-vector-drawable:25.3.0] AndroidManifest.xml:17:1-28:12
MERGED from [com.android.support:transition:25.3.0] AndroidManifest.xml:17:1-28:12
MERGED from [com.android.support:support-v4:25.3.0] AndroidManifest.xml:17:1-31:12
MERGED from [com.android.support:support-vector-drawable:25.3.0] AndroidManifest.xml:17:1-28:12
MERGED from [com.android.support:recyclerview-v7:25.3.0] AndroidManifest.xml:17:1-26:12
MERGED from [com.android.support:support-fragment:25.3.0] AndroidManifest.xml:17:1-31:12
MERGED from [com.android.support:support-core-ui:25.3.0] AndroidManifest.xml:17:1-31:12
MERGED from [com.android.support:support-media-compat:25.3.0] AndroidManifest.xml:17:1-31:12
MERGED from [com.android.support:support-core-utils:25.3.0] AndroidManifest.xml:17:1-31:12
MERGED from [com.android.support:support-compat:25.3.0] AndroidManifest.xml:17:1-31:12
	package
		ADDED from AS\android\AndroidManifest.xml:17:5-34
	xmlns:android
		ADDED from AS\android\AndroidManifest.xml:16:11-69
uses-sdk
ADDED from AS\android\AndroidManifest.xml:19:5-21:41
MERGED from [com.roughike:bottom-bar:2.3.1] AndroidManifest.xml:8:5-10:41
MERGED from [com.roughike:bottom-bar:2.3.1] AndroidManifest.xml:8:5-10:41
MERGED from [com.android.support:design:25.3.0] AndroidManifest.xml:21:5-23:62
MERGED from [com.android.support:design:25.3.0] AndroidManifest.xml:21:5-23:62
MERGED from [com.android.support:appcompat-v7:25.3.0] AndroidManifest.xml:21:5-23:78
MERGED from [com.android.support:appcompat-v7:25.3.0] AndroidManifest.xml:21:5-23:78
MERGED from [com.android.support.constraint:constraint-layout:1.1.0] AndroidManifest.xml:5:5-7:41
MERGED from [com.android.support.constraint:constraint-layout:1.1.0] AndroidManifest.xml:5:5-7:41
MERGED from [com.android.support:animated-vector-drawable:25.3.0] AndroidManifest.xml:20:5-44
MERGED from [com.android.support:animated-vector-drawable:25.3.0] AndroidManifest.xml:20:5-44
MERGED from [com.android.support:transition:25.3.0] AndroidManifest.xml:20:5-44
MERGED from [com.android.support:transition:25.3.0] AndroidManifest.xml:20:5-44
MERGED from [com.android.support:support-v4:25.3.0] AndroidManifest.xml:21:5-23:54
MERGED from [com.android.support:support-v4:25.3.0] AndroidManifest.xml:21:5-23:54
MERGED from [com.android.support:support-vector-drawable:25.3.0] AndroidManifest.xml:20:5-43
MERGED from [com.android.support:support-vector-drawable:25.3.0] AndroidManifest.xml:20:5-43
MERGED from [com.android.support:recyclerview-v7:25.3.0] AndroidManifest.xml:20:5-43
MERGED from [com.android.support:recyclerview-v7:25.3.0] AndroidManifest.xml:20:5-43
MERGED from [com.android.support:support-fragment:25.3.0] AndroidManifest.xml:21:5-23:60
MERGED from [com.android.support:support-fragment:25.3.0] AndroidManifest.xml:21:5-23:60
MERGED from [com.android.support:support-core-ui:25.3.0] AndroidManifest.xml:21:5-23:58
MERGED from [com.android.support:support-core-ui:25.3.0] AndroidManifest.xml:21:5-23:58
MERGED from [com.android.support:support-media-compat:25.3.0] AndroidManifest.xml:21:5-23:63
MERGED from [com.android.support:support-media-compat:25.3.0] AndroidManifest.xml:21:5-23:63
MERGED from [com.android.support:support-core-utils:25.3.0] AndroidManifest.xml:21:5-23:61
MERGED from [com.android.support:support-core-utils:25.3.0] AndroidManifest.xml:21:5-23:61
MERGED from [com.android.support:support-compat:25.3.0] AndroidManifest.xml:21:5-23:58
MERGED from [com.android.support:support-compat:25.3.0] AndroidManifest.xml:21:5-23:58
	tools:overrideLibrary
		ADDED from [com.android.support:design:25.3.0] AndroidManifest.xml:23:9-59
	android:targetSdkVersion
		ADDED from AS\android\AndroidManifest.xml:21:9-38
	android:minSdkVersion
		ADDED from AS\android\AndroidManifest.xml:20:9-35
uses-permission#android.permission.CAMERA
ADDED from AS\android\AndroidManifest.xml:23:5-65
	android:name
		ADDED from AS\android\AndroidManifest.xml:23:22-62
uses-feature#android.hardware.camera
ADDED from AS\android\AndroidManifest.xml:25:5-60
	android:name
		ADDED from AS\android\AndroidManifest.xml:25:19-57
uses-feature#android.hardware.camera.autofocus
ADDED from AS\android\AndroidManifest.xml:26:5-70
	android:name
		ADDED from AS\android\AndroidManifest.xml:26:19-67
uses-permission#android.permission.WRITE_EXTERNAL_STORAGE
ADDED from AS\android\AndroidManifest.xml:28:5-81
	android:name
		ADDED from AS\android\AndroidManifest.xml:28:22-78
uses-permission#android.permission.READ_PHONE_STATE
ADDED from AS\android\AndroidManifest.xml:29:5-75
	android:name
		ADDED from AS\android\AndroidManifest.xml:29:22-72
uses-permission#android.permission.READ_EXTERNAL_STORAGE
ADDED from AS\android\AndroidManifest.xml:30:5-80
	android:name
		ADDED from AS\android\AndroidManifest.xml:30:22-77
uses-permission#android.permission.INTERNET
ADDED from AS\android\AndroidManifest.xml:31:5-67
	android:name
		ADDED from AS\android\AndroidManifest.xml:31:22-64
application
ADDED from AS\android\AndroidManifest.xml:33:5-71:19
MERGED from [org.tensorflow:tensorflow-android:1.8.0] AndroidManifest.xml:5:5-6:19
MERGED from [org.tensorflow:tensorflow-android:1.8.0] AndroidManifest.xml:5:5-6:19
MERGED from [com.android.support:design:25.3.0] AndroidManifest.xml:29:5-20
MERGED from [com.android.support:design:25.3.0] AndroidManifest.xml:29:5-20
MERGED from [com.android.support:appcompat-v7:25.3.0] AndroidManifest.xml:29:5-20
MERGED from [com.android.support:appcompat-v7:25.3.0] AndroidManifest.xml:29:5-20
MERGED from [com.android.support.constraint:constraint-layout:1.1.0] AndroidManifest.xml:9:5-20
MERGED from [com.android.support.constraint:constraint-layout:1.1.0] AndroidManifest.xml:9:5-20
MERGED from [com.android.support:animated-vector-drawable:25.3.0] AndroidManifest.xml:26:5-20
MERGED from [com.android.support:animated-vector-drawable:25.3.0] AndroidManifest.xml:26:5-20
MERGED from [com.android.support:transition:25.3.0] AndroidManifest.xml:26:5-20
MERGED from [com.android.support:transition:25.3.0] AndroidManifest.xml:26:5-20
MERGED from [com.android.support:support-v4:25.3.0] AndroidManifest.xml:29:5-20
MERGED from [com.android.support:support-v4:25.3.0] AndroidManifest.xml:29:5-20
MERGED from [com.android.support:support-vector-drawable:25.3.0] AndroidManifest.xml:26:5-20
MERGED from [com.android.support:support-vector-drawable:25.3.0] AndroidManifest.xml:26:5-20
MERGED from [com.android.support:support-fragment:25.3.0] AndroidManifest.xml:29:5-20
MERGED from [com.android.support:support-fragment:25.3.0] AndroidManifest.xml:29:5-20
MERGED from [com.android.support:support-core-ui:25.3.0] AndroidManifest.xml:29:5-20
MERGED from [com.android.support:support-core-ui:25.3.0] AndroidManifest.xml:29:5-20
MERGED from [com.android.support:support-media-compat:25.3.0] AndroidManifest.xml:29:5-20
MERGED from [com.android.support:support-media-compat:25.3.0] AndroidManifest.xml:29:5-20
MERGED from [com.android.support:support-core-utils:25.3.0] AndroidManifest.xml:29:5-20
MERGED from [com.android.support:support-core-utils:25.3.0] AndroidManifest.xml:29:5-20
MERGED from [com.android.support:support-compat:25.3.0] AndroidManifest.xml:29:5-20
MERGED from [com.android.support:support-compat:25.3.0] AndroidManifest.xml:29:5-20
	android:label
		ADDED from AS\android\AndroidManifest.xml:37:9-41
	android:debuggable
		ADDED from AS\android\AndroidManifest.xml:35:9-34
	android:icon
		ADDED from AS\android\AndroidManifest.xml:36:9-43
	android:allowBackup
		ADDED from AS\android\AndroidManifest.xml:34:9-35
	android:theme
		ADDED from AS\android\AndroidManifest.xml:38:9-45
activity#org.tensorflow.demo.DetectorActivity
ADDED from AS\android\AndroidManifest.xml:39:9-55:20
	android:screenOrientation
		ADDED from AS\android\AndroidManifest.xml:42:13-49
	android:label
		ADDED from AS\android\AndroidManifest.xml:41:13-60
	android:name
		ADDED from AS\android\AndroidManifest.xml:40:13-45
intent-filter#android.intent.category.DEFAULT+org.tensorflow.demo.DOWNLOAD_ACTION
ADDED from AS\android\AndroidManifest.xml:44:13-54:29
action#org.tensorflow.demo.DOWNLOAD_ACTION
ADDED from AS\android\AndroidManifest.xml:45:17-78
	android:name
		ADDED from AS\android\AndroidManifest.xml:45:25-75
category#android.intent.category.DEFAULT
ADDED from AS\android\AndroidManifest.xml:47:17-76
	android:name
		ADDED from AS\android\AndroidManifest.xml:47:27-73
service#org.tensorflow.demo.download.DownloadService
ADDED from AS\android\AndroidManifest.xml:57:9-60:39
	android:enabled
		ADDED from AS\android\AndroidManifest.xml:59:13-35
	android:exported
		ADDED from AS\android\AndroidManifest.xml:60:13-36
	android:name
		ADDED from AS\android\AndroidManifest.xml:58:13-53
activity#org.tensorflow.demo.download.MainActivity
ADDED from AS\android\AndroidManifest.xml:62:9-70:20
	android:label
		ADDED from AS\android\AndroidManifest.xml:64:13-56
	android:name
		ADDED from AS\android\AndroidManifest.xml:63:13-50
intent-filter#android.intent.action.MAIN+android.intent.category.LAUNCHER+android.intent.category.LEANBACK_LAUNCHER
ADDED from AS\android\AndroidManifest.xml:65:13-69:29
action#android.intent.action.MAIN
ADDED from AS\android\AndroidManifest.xml:66:17-69
	android:name
		ADDED from AS\android\AndroidManifest.xml:66:25-66
category#android.intent.category.LAUNCHER
ADDED from AS\android\AndroidManifest.xml:67:17-77
	android:name
		ADDED from AS\android\AndroidManifest.xml:67:27-74
category#android.intent.category.LEANBACK_LAUNCHER
ADDED from AS\android\AndroidManifest.xml:68:17-86
	android:name
		ADDED from AS\android\AndroidManifest.xml:68:27-83
meta-data#android.support.VERSION
ADDED from [com.android.support:design:25.3.0] AndroidManifest.xml:25:5-27:34
MERGED from [com.android.support:appcompat-v7:25.3.0] AndroidManifest.xml:25:5-27:34
MERGED from [com.android.support:appcompat-v7:25.3.0] AndroidManifest.xml:25:5-27:34
MERGED from [com.android.support:animated-vector-drawable:25.3.0] AndroidManifest.xml:22:5-24:34
MERGED from [com.android.support:animated-vector-drawable:25.3.0] AndroidManifest.xml:22:5-24:34
MERGED from [com.android.support:transition:25.3.0] AndroidManifest.xml:22:5-24:34
MERGED from [com.android.support:transition:25.3.0] AndroidManifest.xml:22:5-24:34
MERGED from [com.android.support:support-v4:25.3.0] AndroidManifest.xml:25:5-27:34
MERGED from [com.android.support:support-v4:25.3.0] AndroidManifest.xml:25:5-27:34
MERGED from [com.android.support:support-vector-drawable:25.3.0] AndroidManifest.xml:22:5-24:34
MERGED from [com.android.support:support-vector-drawable:25.3.0] AndroidManifest.xml:22:5-24:34
MERGED from [com.android.support:recyclerview-v7:25.3.0] AndroidManifest.xml:22:5-24:34
MERGED from [com.android.support:recyclerview-v7:25.3.0] AndroidManifest.xml:22:5-24:34
MERGED from [com.android.support:support-fragment:25.3.0] AndroidManifest.xml:25:5-27:34
MERGED from [com.android.support:support-fragment:25.3.0] AndroidManifest.xml:25:5-27:34
MERGED from [com.android.support:support-core-ui:25.3.0] AndroidManifest.xml:25:5-27:34
MERGED from [com.android.support:support-core-ui:25.3.0] AndroidManifest.xml:25:5-27:34
MERGED from [com.android.support:support-media-compat:25.3.0] AndroidManifest.xml:25:5-27:34
MERGED from [com.android.support:support-media-compat:25.3.0] AndroidManifest.xml:25:5-27:34
MERGED from [com.android.support:support-core-utils:25.3.0] AndroidManifest.xml:25:5-27:34
MERGED from [com.android.support:support-core-utils:25.3.0] AndroidManifest.xml:25:5-27:34
MERGED from [com.android.support:support-compat:25.3.0] AndroidManifest.xml:25:5-27:34
MERGED from [com.android.support:support-compat:25.3.0] AndroidManifest.xml:25:5-27:34
	android:value
		ADDED from [com.android.support:design:25.3.0] AndroidManifest.xml:27:9-31
	android:name
		ADDED from [com.android.support:design:25.3.0] AndroidManifest.xml:26:9-47